0 verbose cli /Users/minahpark/.nvm/versions/node/v22.3.0/bin/node /Users/minahpark/.npm-global/bin/npm
1 info using npm@10.8.1
2 info using node@v22.3.0
3 silly config load:file:/Users/minahpark/.npm-global/lib/node_modules/npm/npmrc
4 silly config load:file:/Users/minahpark/.npmrc
5 silly config load:file:/opt/homebrew/etc/npmrc
6 verbose title npm install npm
7 verbose argv "install" "--global" "npm"
8 verbose logfile logs-max:10 dir:/Users/minahpark/Desktop/ozcoding_practice/typescript/npm-cache/_logs/2024-06-26T04_31_33_314Z-
9 verbose logfile /Users/minahpark/Desktop/ozcoding_practice/typescript/npm-cache/_logs/2024-06-26T04_31_33_314Z-debug-0.log
10 silly logfile done cleaning log files
11 http fetch GET 200 https://registry.npmjs.org/npm 224ms (cache miss)
12 silly packumentCache heap:2197815296 maxSize:549453824 maxEntrySize:274726912
13 silly idealTree buildDeps
14 silly fetch manifest npm@*
15 silly packumentCache full:https://registry.npmjs.org/npm cache-miss
16 http fetch GET 200 https://registry.npmjs.org/npm 1158ms (cache miss)
17 silly packumentCache full:https://registry.npmjs.org/npm set size:undefined disposed:false
18 silly placeDep ROOT npm@10.8.1 OK for:  want: *
19 silly reify mark retired [
19 silly reify   '/Users/minahpark/Desktop/ozcoding_practice/react-github-actions/.home/npm-global/lib/node_modules/npm',
19 silly reify   '/Users/minahpark/Desktop/ozcoding_practice/react-github-actions/.home/npm-global/bin/npm',
19 silly reify   '/Users/minahpark/Desktop/ozcoding_practice/react-github-actions/.home/npm-global/bin/npx'
19 silly reify ]
20 silly reify moves {
20 silly reify   '/Users/minahpark/Desktop/ozcoding_practice/react-github-actions/.home/npm-global/lib/node_modules/npm': '/Users/minahpark/Desktop/ozcoding_practice/react-github-actions/.home/npm-global/lib/node_modules/.npm-LksoLNws',
20 silly reify   '/Users/minahpark/Desktop/ozcoding_practice/react-github-actions/.home/npm-global/bin/npm': '/Users/minahpark/Desktop/ozcoding_practice/react-github-actions/.home/npm-global/bin/.npm-LuljewqO',
20 silly reify   '/Users/minahpark/Desktop/ozcoding_practice/react-github-actions/.home/npm-global/bin/npx': '/Users/minahpark/Desktop/ozcoding_practice/react-github-actions/.home/npm-global/bin/.npx-pL68ittC'
20 silly reify }
21 silly tarball no local data for npm@https://registry.npmjs.org/npm/-/npm-10.8.1.tgz. Extracting by manifest.
22 http fetch GET 200 https://registry.npmjs.org/npm/-/npm-10.8.1.tgz 424ms (cache miss)
23 silly CHANGE node_modules/npm
24 silly CHANGE node_modules/npm/node_modules/@npmcli/arborist
25 silly CHANGE node_modules/npm/node_modules/@npmcli/installed-package-contents
26 silly CHANGE node_modules/npm/node_modules/which
27 silly CHANGE node_modules/npm/node_modules/semver
28 silly CHANGE node_modules/npm/node_modules/qrcode-terminal
29 silly CHANGE node_modules/npm/node_modules/pacote
30 silly CHANGE node_modules/npm/node_modules/nopt
31 silly CHANGE node_modules/npm/node_modules/node-gyp
32 silly CHANGE node_modules/npm/node_modules/mkdirp
33 silly CHANGE node_modules/npm/node_modules/glob
34 silly CHANGE node_modules/npm/node_modules/cssesc
35 silly CHANGE node_modules/npm/node_modules/cross-spawn/node_modules/which
36 verbose cwd /Users/minahpark/Desktop/ozcoding_practice/typescript
37 verbose os Darwin 23.3.0
38 verbose node v22.3.0
39 verbose npm  v10.8.1
40 verbose exit 0
41 info ok
